[总控] UTF-8 日志文件: D:\Reverse Analysis and Automated Security Assessment of Web API\runtime\full_pipeline_utf8.log
[总控] 阶段1：静态分析
=== 静态分析: http://encrypt-labs-main/easy.php ===

1. 获取页面内容...
  [OK] 获取成功: 4796 bytes
2. 提取 API 端点...
  [OK] 发现 8 个端点
3. 收集并分析 JavaScript...
  Normalize: crypto-js.min.js
  AST Detect: crypto-js.min_1_2_3.js
  Normalize: jsencrypt.min.js
  AST Detect: jsencrypt.min_1_2_3.js
  Normalize: forge.min.js
  AST Detect: forge.min_1_2_3.js
  Normalize: easy.js
  AST Detect: easy_1_2_3.js
  [OK] 分析了 4 个脚本
4. 建立端点-加密映射...
  [OK] 建立了 8 个端点映射
5. 检测安全弱点...
  [OK] 发现 2 个安全问题
                                发现的 API 端点                                
+-----------------------------------------------------------------------------+
| URL                     | 触发函数                | 加密类型                |
|-------------------------+-------------------------+-------------------------|
| http://encrypt-labs-ma… | sendDataAes             | AES, PayloadPacking     |
| http://encrypt-labs-ma… | fetchAndSendDataAes     | AES, PayloadPacking     |
| http://encrypt-labs-ma… | sendEncryptedDataRSA    | PayloadPacking, RSA     |
| http://encrypt-labs-ma… | sendDataAesRsa          | AES, PayloadPacking,    |
|                         |                         | RSA                     |
| http://encrypt-labs-ma… | encryptAndSendDataDES   | DES, PayloadPacking     |
| http://encrypt-labs-ma… | sendDataWithNonce       | HmacSHA256,             |
|                         |                         | HmacSHA256(),           |
|                         |                         | PayloadPacking          |
| http://encrypt-labs-ma… | sendDataWithNonceServer | PayloadPacking          |
| http://encrypt-labs-ma… | sendLoginRequest        | PayloadPacking          |
+-----------------------------------------------------------------------------+

安全发现:
  - [MEDIUM] 使用了弱加密算法 DES
  - [HIGH] 检测到 HARDCODED_KEY 在 easy_1_2_3.js:195

[OK] 结果已保存到: D:\Reverse Analysis and Automated Security Assessment of Web
API\collect\static_analysis\static_analysis_20260311_175214.json
[阶段1] 静态分析结果: D:\Reverse Analysis and Automated Security Assessment of Web API\collect\static_analysis\static_analysis_20260311_175214.json
[总控] 阶段2：生成基线并填充 Payload
[Info] Loading analysis from: static_analysis_20260311_175214.json
[Info] Found 8 endpoints. Generating consolidated baseline file...
[Info] [aes] Inferred payload keys: {'username', 'password'}
[Info] [aesserver] Inferred payload keys: {'username', 'password'}
[Info] [rsa] Inferred payload keys: {'username', 'password'}
[Info] [aesrsa] Inferred payload keys: {'username', 'password'}
[Info] [des] Inferred payload keys: {'username', 'password'}
[Info] [signdata] Inferred payload keys: {'username', 'password'}
[Info] [signdataserver] Inferred payload keys: {'username', 'password'}
[Info] [norepeater] Inferred payload keys: {'username', 'password'}

[Success] Generated consolidated baseline with 8 entries.
File location: D:\Reverse Analysis and Automated Security Assessment of Web API\baseline_samples\baseline_skeletons_20260311_175214.json
Next Step: Manually or automatically populate 'request.payload' in this file before running handlers.
[阶段2] 基线文件: D:\Reverse Analysis and Automated Security Assessment of Web API\baseline_samples\baseline_skeletons_20260311_175214.json
[阶段2] 已填充 Payload 的记录数: 8 / 8
[总控] 阶段3：Playwright 动态捕获
Starting Playwright capture process...
Launching browser...
Loading hook script from D:\Reverse Analysis and Automated Security Assessment of Web API\runtime\playwright_hook.js

[+] Testing Endpoint: aes (Trigger: sendDataAes)
    Invoking sendDataAes('http://encrypt-labs-main/encrypt/aes.php')...
    [CAPTURE] Caught AES: {'operation': 'encrypt', 'message': '{"username":"admin","password":"123456"}', ...
    [CAPTURE] Caught AES_OUTPUT: {'ciphertext': 'nArXfVdnoe67UzojAPP2X+6qSiznLMBAI3a5Bi+zlNzXaUb9+gTXusl67b+DS9Zw...
    [CAPTURE] Caught FETCH: {'url': 'http://encrypt-labs-main/encrypt/aes.php', 'method': 'POST', 'headers':...
    Result: CALLED_DIRECTLY
    [OK] Captured Ciphertext: nArXfVdnoe67UzojAPP2X+6qSiznLM...
    [OK] Runtime Params: ['encrypted', 'iv', 'key', 'message']
    [OK] Output Vars: ['encrypted']

[+] Testing Endpoint: aesserver (Trigger: fetchAndSendDataAes)
    Invoking fetchAndSendDataAes('http://encrypt-labs-main/encrypt/aesserver.php')...
    [CAPTURE] Caught FETCH: {'url': 'encrypt/server_generate_key.php', 'method': 'GET', 'headers': None, 'bo...
    [CAPTURE] Caught AES: {'operation': 'encrypt', 'message': '{"username":"admin","password":"123456"}', ...
    [CAPTURE] Caught AES_OUTPUT: {'ciphertext': 'QC16ZxO0AKmPgyf3Y87GTJSjB7qE8uHiQ2aaIVAgmWNclNp/cVJkoocJHVH6FWwt...
    [CAPTURE] Caught FETCH: {'url': 'http://encrypt-labs-main/encrypt/aesserver.php', 'method': 'POST', 'hea...
    Result: CALLED_DIRECTLY
    [OK] Captured Ciphertext: QC16ZxO0AKmPgyf3Y87GTJSjB7qE8u...
    [OK] Runtime Params: ['encryptedData', 'iv', 'key', 'message']
    [OK] Output Vars: ['encryptedData']

[+] Testing Endpoint: rsa (Trigger: sendEncryptedDataRSA)
    Invoking sendEncryptedDataRSA('http://encrypt-labs-main/encrypt/rsa.php')...
    [CAPTURE] Caught RSA_KEY: {'operation': 'setPublicKey', 'public_key': '\n-----BEGIN PUBLIC KEY-----\nMIGfM...
    [CAPTURE] Caught RSA: {'operation': 'encrypt', 'message': '{"username":"admin","password":"123456"}', ...
    [CAPTURE] Caught RSA_OUTPUT: {'ciphertext': 'kBEROkvTCe549sjIJ5xGT4bR6UD+9nJrd1uDvBMhabjX1trQQnL4/hxrrkr8znsX...
    [CAPTURE] Caught FETCH: {'url': 'http://encrypt-labs-main/encrypt/rsa.php', 'method': 'POST', 'headers':...
    Result: CALLED_DIRECTLY
    [OK] Captured Ciphertext: kBEROkvTCe549sjIJ5xGT4bR6UD+9n...
    [OK] Runtime Params: ['data', 'encryptedData', 'message', 'public_key']
    [OK] Output Vars: ['encryptedData']

[+] Testing Endpoint: aesrsa (Trigger: sendDataAesRsa)
    Invoking sendDataAesRsa('http://encrypt-labs-main/encrypt/aesrsa.php')...
    [CAPTURE] Caught AES: {'operation': 'encrypt', 'message': '{"username":"admin","password":"123456"}', ...
    [CAPTURE] Caught AES_OUTPUT: {'ciphertext': 'lsqcohIRkPdUFZ+6u1yOHf3e+arCHY2DkRr+Mg8TsRgDwBpUw9z5oGaXfxuVI+2h...
    [CAPTURE] Caught RSA_KEY: {'operation': 'setPublicKey', 'public_key': '-----BEGIN PUBLIC KEY-----\nMIGfMA0...
    [CAPTURE] Caught RSA: {'operation': 'encrypt', 'message': 'Z7A9XTKLFU95rcHcqfFOwA==', 'public_key': '-...
    [CAPTURE] Caught RSA_OUTPUT: {'ciphertext': 'Z+LM9w3Zqu3CPhz8FAwIz1wEuZ77NvK7goWcy/T9kRtzfwQO2xZxAkOaWASRrUsU...
    [CAPTURE] Caught RSA: {'operation': 'encrypt', 'message': 'dyAxSqtGStvsLtejiPb4eA==', 'public_key': '-...
    [CAPTURE] Caught RSA_OUTPUT: {'ciphertext': 'SpRG38Hbc0Hj4hsezzoLEwVeLFavCxJ6XFTU99fSUl+4f8dMxkTGlkzC50VwAUan...
    [CAPTURE] Caught FETCH: {'url': 'http://encrypt-labs-main/encrypt/aesrsa.php', 'method': 'POST', 'header...
    Result: CALLED_DIRECTLY
    [OK] Captured Ciphertext: SpRG38Hbc0Hj4hsezzoLEwVeLFavCx...
    [OK] Runtime Params: ['encryptedData', 'encryptedIv', 'encryptedKey', 'iv', 'key', 'message', 'public_key']
    [OK] Output Vars: ['encryptedData', 'encryptedIv', 'encryptedKey']

[+] Testing Endpoint: des (Trigger: encryptAndSendDataDES)
    Invoking encryptAndSendDataDES('http://encrypt-labs-main/encrypt/des.php')...
    [CAPTURE] Caught DES: {'operation': 'encrypt', 'message': '123456', 'key': '61646d696e363636', 'iv': '...
    [CAPTURE] Caught DES_OUTPUT: {'ciphertext': 'OYH0h8Wv3kM=', 'ciphertext_hex': '3981f487c5afde43', 'type': 'DE...
    [CAPTURE] Caught FETCH: {'url': 'http://encrypt-labs-main/encrypt/des.php', 'method': 'POST', 'headers':...
    Result: CALLED_DIRECTLY
    [OK] Captured Ciphertext: OYH0h8Wv3kM=...
    [OK] Runtime Params: ['encryptedHex', 'encryptedPassword', 'iv', 'key', 'message', 'password', 'username']
    [OK] Output Vars: ['encryptedPassword']

[+] Testing Endpoint: signdata (Trigger: sendDataWithNonce)
    Invoking sendDataWithNonce('http://encrypt-labs-main/encrypt/signdata.php')...
    [CAPTURE] Caught HMAC: {'operation': 'sign', 'message': 'admin1234560kdy8fk161jc1773251548', 'key': 'be...
    [CAPTURE] Caught HMAC_OUTPUT: {'ciphertext': '9f2eac063ecae62ec6e1ecfc853f754b61e546a9ff1b16ab9cff3546e92af4b3...
    [CAPTURE] Caught FETCH: {'url': 'http://encrypt-labs-main/encrypt/signdata.php', 'method': 'POST', 'head...
    Result: CALLED_DIRECTLY
    [OK] Captured Ciphertext: 9f2eac063ecae62ec6e1ecfc853f75...
    [OK] Runtime Params: ['key', 'message', 'nonce', 'password', 'signature', 'timestamp', 'username']
    [OK] Output Vars: ['signature']

[+] Testing Endpoint: signdataserver (Trigger: sendDataWithNonceServer)
    Invoking sendDataWithNonceServer('http://encrypt-labs-main/encrypt/signdataserver.php')...
    [CAPTURE] Caught FETCH: {'url': 'http://encrypt-labs-main/encrypt/signdataserver.php/../get-signature.ph...
    [CAPTURE] Caught FETCH: {'url': 'http://encrypt-labs-main/encrypt/signdataserver.php', 'method': 'POST',...
    Result: CALLED_DIRECTLY
    [OK] Runtime Params: ['password', 'signature', 'timestamp', 'username']

[+] Testing Endpoint: norepeater (Trigger: sendLoginRequest)
    Invoking sendLoginRequest('http://encrypt-labs-main/encrypt/norepeater.php')...
    [CAPTURE] Caught RSA_KEY: {'operation': 'setPublicKey', 'public_key': '-----BEGIN PUBLIC KEY-----\nMIGfMA0...
    [CAPTURE] Caught RSA: {'operation': 'encrypt', 'message': '1773251552232', 'public_key': '-----BEGIN P...
    [CAPTURE] Caught RSA_OUTPUT: {'ciphertext': 'IMVoLvY66nJyqBRsqoN9VQ5DlNVIyTJIR6Fjf9X72/wCu5K2tNZyKnIobVhLh3kh...
    [CAPTURE] Caught FETCH: {'url': 'http://encrypt-labs-main/encrypt/norepeater.php', 'method': 'POST', 'he...
    Result: CALLED_DIRECTLY
    [OK] Runtime Params: ['encryptedTimestamp', 'message', 'password', 'public_key', 'random', 'username']

[success] Updated 8 endpoints in D:\Reverse Analysis and Automated Security Assessment of Web API\baseline_samples\baseline_skeletons_20260311_175214.json
[阶段3] 动态捕获已回填到: D:\Reverse Analysis and Automated Security Assessment of Web API\baseline_samples\baseline_skeletons_20260311_175214.json
[总控] 阶段4：Handler 正确性验证
[*] 使用基线文件: D:\Reverse Analysis and Automated Security Assessment of Web API\baseline_samples\baseline_skeletons_20260311_175214.json
[*] Loaded 8 baseline entries.

>>> Processing Endpoint: aes (http://encrypt-labs-main/encrypt/aes.php)
[*] Executing local handler...
[*] Injecting runtime params: ['encrypted', 'key', 'iv', 'message']
[+] Success. Output prefix: nArXfVdnoe67UzojAPP2X+6qSiznLMBAI3a5Bi+zlNzXaUb9+g...
[+] VERIFIED: Matches captured ciphertext (_exact_match).

>>> Processing Endpoint: aesserver (http://encrypt-labs-main/encrypt/aesserver.php)
[*] Executing local handler...
[*] Injecting runtime params: ['encryptedData', 'key', 'iv', 'message']
[+] Success. Output prefix: QC16ZxO0AKmPgyf3Y87GTJSjB7qE8uHiQ2aaIVAgmWNclNp/cV...
[+] VERIFIED: Matches captured ciphertext (_exact_match).

>>> Processing Endpoint: rsa (http://encrypt-labs-main/encrypt/rsa.php)
[*] Executing local handler...
[*] Injecting runtime params: ['encryptedData', 'public_key', 'message', 'data']
[+] Success. Output prefix: vW5qZgSwkY3YE636jFNypPeWVMG9sK/kyAgBRe/BNaX1q9llXW...
[*] RSA Detected: Skipping strict ciphertext comparison (Random Padding).
    Marking as VERIFIED (Logic Validated).

>>> Processing Endpoint: aesrsa (http://encrypt-labs-main/encrypt/aesrsa.php)
[*] Executing local handler...
[*] Injecting runtime params: ['encryptedData', 'encryptedKey', 'encryptedIv', 'key', 'iv', 'message', 'public_key']
[+] Success. Output prefix: ULHtlWNncuCTkfonJoP1WTGRhhQzJtWHGWFX0mwYDS9vE3NAWx...
[*] RSA Detected: Skipping strict ciphertext comparison (Random Padding).
    Marking as VERIFIED (Logic Validated).

>>> Processing Endpoint: des (http://encrypt-labs-main/encrypt/des.php)
[*] Executing local handler...
[*] Injecting runtime params: ['encryptedPassword', 'key', 'iv', 'message', 'username', 'password', 'encryptedHex']
[+] Success. Output prefix: OYH0h8Wv3kM=...
[+] VERIFIED: Matches captured ciphertext (_exact_match).

>>> Processing Endpoint: signdata (http://encrypt-labs-main/encrypt/signdata.php)
[*] Executing local handler...
[*] Injecting runtime params: ['signature', 'key', 'message', 'username', 'password', 'nonce', 'timestamp']
[+] Success. Output prefix: 9f2eac063ecae62ec6e1ecfc853f754b61e546a9ff1b16ab9c...
[+] VERIFIED: Matches captured ciphertext (_exact_match).

>>> Processing Endpoint: signdataserver (http://encrypt-labs-main/encrypt/signdataserver.php)
[*] Executing local handler...
[*] Injecting runtime params: ['username', 'password', 'timestamp', 'signature']
[+] Success. Output prefix: {"username":"admin","password":"123456","timestamp...
[+] INFO: Endpoint performs Payload Packing only (No client-side crypto).
    Marking as VERIFIED.

>>> Processing Endpoint: norepeater (http://encrypt-labs-main/encrypt/norepeater.php)
[*] Executing local handler...
[*] Injecting runtime params: ['public_key', 'message', 'username', 'password', 'random', 'encryptedTimestamp']
[*] 当前基线缺少结构化输入，回退使用 captured 'message' 作为验证输入
[+] Success. Output prefix: {"username":"admin","password":"123456","random":"...
[+] INFO: Endpoint performs Payload Packing only (No client-side crypto).
    Marking as VERIFIED.

[+] Updated baseline file: D:\Reverse Analysis and Automated Security Assessment of Web API\baseline_samples\baseline_skeletons_20260311_175214.json
[阶段4] 验证摘要: {'total': 8, 'verified': 8, 'VERIFIED': 8}
[总控] 阶段5：安全评估
[阶段5] default 评估结果: D:\Reverse Analysis and Automated Security Assessment of Web API\assessment_results\assessment_profile_default.json
[阶段5] paper_v1 评估结果: D:\Reverse Analysis and Automated Security Assessment of Web API\assessment_results\assessment_profile_paper_v1.json
[总控] 阶段6：生成报告与图表
[阶段6] HTML 报告: D:\Reverse Analysis and Automated Security Assessment of Web API\report\report_profile_paper_v1.html
[阶段6] Markdown 报告: D:\Reverse Analysis and Automated Security Assessment of Web API\report\report_profile_paper_v1.md
[阶段6] JSON 报告: D:\Reverse Analysis and Automated Security Assessment of Web API\report\report_profile_paper_v1.json
[阶段6] 图表: D:\Reverse Analysis and Automated Security Assessment of Web API\report\charts\workflow_overview.png
[阶段6] 图表: D:\Reverse Analysis and Automated Security Assessment of Web API\report\charts\validation_comparison_distribution.png
[阶段6] 图表: D:\Reverse Analysis and Automated Security Assessment of Web API\report\charts\endpoint_security_scores.png
[阶段6] 图表: D:\Reverse Analysis and Automated Security Assessment of Web API\report\charts\profile_score_comparison.png
[阶段6] 图表: D:\Reverse Analysis and Automated Security Assessment of Web API\report\charts\scenario_status_distribution.png
[总控] 全链路完成，最终基线: D:\Reverse Analysis and Automated Security Assessment of Web API\baseline_samples\baseline_skeletons_20260311_175214.json
